EXPLAIN (ANALYZE) SELECT "links"."link_type", "link_sets"."content_id", 
        EXISTS(
          SELECT nested_links.id
          FROM links AS nested_links
          INNER JOIN link_sets AS nested_link_sets
          ON nested_link_sets.id = nested_links.link_set_id
          WHERE 
          nested_link_sets.content_id = link_sets.content_id
          
          AND ((links.link_type = 'parent_taxons' AND nested_links.link_type IN ('associated_taxons')) OR (links.link_type = 'person' AND nested_links.link_type IN ('person', 'role')) OR (links.link_type = 'role' AND nested_links.link_type IN ('person', 'role')))
        
          LIMIT 1
        )
      , 
        EXISTS(
          SELECT nested_links.id
          FROM links AS nested_links
          INNER JOIN link_sets AS nested_link_sets
          ON nested_link_sets.id = nested_links.link_set_id
          WHERE 
          nested_links.target_content_id = link_sets.content_id
          
          AND ((links.link_type = 'parent_taxons' AND nested_links.link_type IN ('parent_taxons')) OR (links.link_type = 'ministerial' AND nested_links.link_type IN ('person', 'role')))
        
          LIMIT 1
        )
       FROM "links" INNER JOIN "link_sets" ON "link_sets"."content_id" = "links"."link_set_content_id" WHERE "links"."target_content_id" = $1 AND "links"."link_type" IN ($2, $3, $4, $5, $6, $7, $8, $9, $10, $11, $12) AND 1=1 ORDER BY "links"."link_type" ASC, "links"."position" ASC [["target_content_id", "324e4708-2285-40a0-b3aa-cb13af14ec5f"], ["link_type", "parent"], ["link_type", "documents"], ["link_type", "working_groups"], ["link_type", "parent_taxons"], ["link_type", "root_taxon"], ["link_type", "pages_part_of_step_nav"], ["link_type", "pages_related_to_step_nav"], ["link_type", "pages_secondary_to_step_nav"], ["link_type", "person"], ["link_type", "role"], ["link_type", "ministerial"]]
                                                                                                                                                                      QUERY PLAN
-------------------------------------------------------------------------------------------------------------------------------------------------------------------------------------------------------------------------------------------------------------------------------------------------------------------------------------------------------
 Sort  (cost=143325.07..143325.91 rows=335 width=41) (actual time=0.080..0.082 rows=2 loops=1)
   Sort Key: links.link_type, links."position"
   Sort Method: quicksort  Memory: 25kB
   ->  Nested Loop  (cost=54.05..143311.02 rows=335 width=41) (actual time=0.049..0.076 rows=2 loops=1)
         ->  Bitmap Heap Scan on links  (cost=53.63..1375.29 rows=335 width=39) (actual time=0.024..0.026 rows=2 loops=1)
               Recheck Cond: ((target_content_id = '324e4708-2285-40a0-b3aa-cb13af14ec5f'::uuid) AND ((link_type)::text = ANY ('{parent,documents,working_groups,parent_taxons,root_taxon,pages_part_of_step_nav,pages_related_to_step_nav,pages_secondary_to_step_nav,person,role,ministerial}'::text[])))
               Heap Blocks: exact=4
               ->  Bitmap Index Scan on index_links_on_target_content_id_and_link_type  (cost=0.00..53.52 rows=335 width=0) (actual time=0.020..0.020 rows=4 loops=1)
                     Index Cond: ((target_content_id = '324e4708-2285-40a0-b3aa-cb13af14ec5f'::uuid) AND ((link_type)::text = ANY ('{parent,documents,working_groups,parent_taxons,root_taxon,pages_part_of_step_nav,pages_related_to_step_nav,pages_secondary_to_step_nav,person,role,ministerial}'::text[])))
         ->  Index Only Scan using index_link_sets_on_content_id on link_sets  (cost=0.42..4.28 rows=1 width=16) (actual time=0.003..0.003 rows=1 loops=2)
               Index Cond: (content_id = links.link_set_content_id)
               Heap Fetches: 0
         SubPlan 1
           ->  Nested Loop  (cost=0.86..393.21 rows=1 width=0) (actual time=0.007..0.007 rows=0 loops=2)
                 ->  Index Scan using index_link_sets_on_content_id on link_sets nested_link_sets  (cost=0.42..8.44 rows=1 width=4) (actual time=0.002..0.002 rows=1 loops=2)
                       Index Cond: (content_id = link_sets.content_id)
                 ->  Index Scan using index_links_on_link_set_id on links nested_links  (cost=0.44..384.76 rows=1 width=4) (actual time=0.004..0.004 rows=0 loops=2)
                       Index Cond: (link_set_id = nested_link_sets.id)
                       Filter: ((((links.link_type)::text = 'parent_taxons'::text) AND ((link_type)::text = 'associated_taxons'::text)) OR (((links.link_type)::text = 'person'::text) AND ((link_type)::text = ANY ('{person,role}'::text[]))) OR (((links.link_type)::text = 'role'::text) AND ((link_type)::text = ANY ('{person,role}'::text[]))))
                       Rows Removed by Filter: 1
         SubPlan 2
           ->  Nested Loop  (cost=14.15..26.20 rows=1 width=0) (actual time=0.012..0.012 rows=0 loops=2)
                 ->  Bitmap Heap Scan on links nested_links_1  (cost=13.73..21.76 rows=1 width=4) (actual time=0.008..0.008 rows=0 loops=2)
                       Recheck Cond: (((target_content_id = link_sets.content_id) AND ((link_type)::text = 'parent_taxons'::text)) OR ((target_content_id = link_sets.content_id) AND ((link_type)::text = ANY ('{person,role}'::text[]))))
                       Filter: ((((links.link_type)::text = 'parent_taxons'::text) AND ((link_type)::text = 'parent_taxons'::text)) OR (((links.link_type)::text = 'ministerial'::text) AND ((link_type)::text = ANY ('{person,role}'::text[]))))
                       Heap Blocks: exact=1
                       ->  BitmapOr  (cost=13.73..13.73 rows=2 width=0) (actual time=0.007..0.007 rows=0 loops=2)
                             ->  Bitmap Index Scan on index_links_on_target_content_id_and_link_type  (cost=0.00..4.58 rows=1 width=0) (actual time=0.003..0.003 rows=0 loops=2)
                                   Index Cond: ((target_content_id = link_sets.content_id) AND ((link_type)::text = 'parent_taxons'::text))
                             ->  Bitmap Index Scan on index_links_on_target_content_id_and_link_type  (cost=0.00..9.15 rows=1 width=0) (actual time=0.003..0.003 rows=0 loops=2)
                                   Index Cond: ((target_content_id = link_sets.content_id) AND ((link_type)::text = ANY ('{person,role}'::text[])))
                 ->  Index Only Scan using link_sets_pkey on link_sets nested_link_sets_1  (cost=0.42..4.44 rows=1 width=4) (actual time=0.003..0.003 rows=1 loops=1)
                       Index Cond: (id = nested_links_1.link_set_id)
                       Heap Fetches: 0
 Planning Time: 0.630 ms
 Execution Time: 0.131 ms
(36 rows)
