EXPLAIN (ANALYZE) SELECT "links"."link_type", "links"."target_content_id", 
        EXISTS(
          SELECT nested_links.id
          FROM links AS nested_links
          WHERE link_set_content_id IS NOT NULL
          AND 
          nested_links.target_content_id = links.target_content_id
          
          AND ((links.link_type = 'ordered_ministers' AND nested_links.link_type IN ('person', 'role')))
        
          LIMIT 1
        )
       FROM "links" WHERE "links"."link_set_content_id" IS NOT NULL AND "links"."link_set_content_id" = $1 AND "links"."link_type" IN ($2, $3) AND 1=1 ORDER BY "links"."link_type" ASC, "links"."position" ASC [["link_set_content_id", "7cd6bf12-bbe9-4118-8523-f927b0442156"], ["link_type", "ordered_ministers"], ["link_type", "ordered_roles"]]
                                                                                                  QUERY PLAN
--------------------------------------------------------------------------------------------------------------------------------------------------------------------------------------------------------------
 Sort  (cost=26.34..26.34 rows=1 width=40) (actual time=0.088..0.093 rows=84 loops=1)
   Sort Key: links.link_type, links."position"
   Sort Method: quicksort  Memory: 31kB
   ->  Index Scan using index_links_on_link_set_content_id_and_link_type on links  (cost=0.56..26.33 rows=1 width=40) (actual time=0.016..0.066 rows=84 loops=1)
         Index Cond: ((link_set_content_id IS NOT NULL) AND (link_set_content_id = '7cd6bf12-bbe9-4118-8523-f927b0442156'::uuid) AND ((link_type)::text = ANY ('{ordered_ministers,ordered_roles}'::text[])))
         SubPlan 1
           ->  Result  (cost=0.56..13.16 rows=1 width=0) (actual time=0.000..0.000 rows=0 loops=84)
                 One-Time Filter: ((links.link_type)::text = 'ordered_ministers'::text)
                 ->  Index Scan using index_links_on_target_content_id_and_link_type on links nested_links  (cost=0.56..13.16 rows=1 width=0) (actual time=0.004..0.004 rows=1 loops=5)
                       Index Cond: ((target_content_id = links.target_content_id) AND ((link_type)::text = ANY ('{person,role}'::text[])))
                       Filter: (link_set_content_id IS NOT NULL)
 Planning Time: 0.340 ms
 Execution Time: 0.114 ms
(13 rows)
