EXPLAIN (ANALYZE) SELECT "links"."link_type", "links"."target_content_id", 
        EXISTS(
          SELECT nested_links.id
          FROM links AS nested_links
          WHERE link_set_content_id IS NOT NULL
          AND 
          nested_links.target_content_id = links.target_content_id
          
          AND ((links.link_type = 'ordered_ministers' AND nested_links.link_type IN ('person', 'role')))
        
          LIMIT 1
        )
       FROM "links" WHERE "links"."link_set_content_id" IS NOT NULL AND "links"."link_set_content_id" = $1 AND "links"."link_type" IN ($2, $3) AND 1=1 ORDER BY "links"."link_type" ASC, "links"."position" ASC [["link_set_content_id", "1390d07f-12b3-4f55-9dd5-fec5fd9e3649"], ["link_type", "ordered_ministers"], ["link_type", "ordered_roles"]]
                                                                                                  QUERY PLAN
--------------------------------------------------------------------------------------------------------------------------------------------------------------------------------------------------------------
 Sort  (cost=26.34..26.34 rows=1 width=40) (actual time=0.069..0.071 rows=29 loops=1)
   Sort Key: links.link_type, links."position"
   Sort Method: quicksort  Memory: 27kB
   ->  Index Scan using index_links_on_link_set_content_id_and_link_type on links  (cost=0.56..26.33 rows=1 width=40) (actual time=0.019..0.057 rows=29 loops=1)
         Index Cond: ((link_set_content_id IS NOT NULL) AND (link_set_content_id = '1390d07f-12b3-4f55-9dd5-fec5fd9e3649'::uuid) AND ((link_type)::text = ANY ('{ordered_ministers,ordered_roles}'::text[])))
         SubPlan 1
           ->  Result  (cost=0.56..13.16 rows=1 width=0) (actual time=0.001..0.001 rows=0 loops=29)
                 One-Time Filter: ((links.link_type)::text = 'ordered_ministers'::text)
                 ->  Index Scan using index_links_on_target_content_id_and_link_type on links nested_links  (cost=0.56..13.16 rows=1 width=0) (actual time=0.004..0.004 rows=1 loops=7)
                       Index Cond: ((target_content_id = links.target_content_id) AND ((link_type)::text = ANY ('{person,role}'::text[])))
                       Filter: (link_set_content_id IS NOT NULL)
 Planning Time: 0.260 ms
 Execution Time: 0.096 ms
(13 rows)
